  3.7290551E-02
  7.6193228E-02
  0.1197414    
  0.1679103    
  0.2139658    
  0.2574332    
  0.2961291    
  0.3340892    
  0.3893116    
  0.4559080    
  0.5082405    
  0.5636002    
  0.6160329    
  0.6591483    
  0.6962986    
  0.7235634    
  0.7418647    
  0.7523448    
  0.7542268    
  0.7488050    
  0.7372887    
  0.9202694    
   1.019806    
   1.143754    
   1.266693    
   1.394886    
   1.503928    
   1.606890    
   1.684163    
   1.741181    
   1.777294    
   1.793145    
   1.790214    
   1.770481    
   1.736178    
   1.692611    
   1.648211    
   1.592213    
   1.531519    
   1.466837    
   1.399020    
   1.328973    
   1.257592    
   1.185721    
   1.114126    
   1.043525    
  0.9752039    
  0.9181355    
  0.9219371    
  0.9049585    
  0.8977625    
  0.8946708    
  0.8925908    
  0.8878893    
  0.8796227    
  0.8670613    
  0.8500187    
  0.8286741    
  0.8034386    
  0.7748590    
  0.7435464    
  0.7101262    
  0.6752052    
  0.6393481    
  0.6030658    
  0.5668073    
  0.5309582    
  0.4958416    
  0.4617212    
  0.4288057    
  0.3972546    
  0.3671829    
  0.3386678    
  0.3117532    
  0.2864554    
  0.2627678    
  0.2406646    
  0.2201055    
  0.2010381    
  0.1834016    
  0.1671287    
  0.1521482    
  0.1383861    
  0.1257679    
  0.1142192    
  0.1036667    
  9.4039142E-02
  8.5267745E-02
  7.7286668E-02
  7.0033289E-02
  6.3448392E-02
  5.7476237E-02
  5.2064650E-02
  4.7164954E-02
  4.2731903E-02
  3.8723599E-02
  3.5101339E-02
  3.1829480E-02
  2.8875289E-02
  2.6208755E-02
  2.3802437E-02
  2.1631284E-02
  1.9672476E-02
  1.7905258E-02
  5.1284086E-02
  0.1045177    
  0.1484648    
  0.1969161    
  0.2449668    
  0.2894113    
  0.3283014    
  0.3606048    
  0.3859423    
  0.5391964    
  0.6722904    
  0.7984009    
  0.9264302    
   1.045937    
   1.151105    
   1.237998    
   1.344784    
   1.415917    
   1.472535    
   1.512487    
   1.616637    
   1.672420    
   1.752040    
   1.822733    
   1.890336    
   2.122041    
   2.267064    
   2.415074    
   2.549861    
   2.661561    
   2.844230    
   2.973003    
   3.076288    
   3.155138    
   3.205193    
   3.225155    
   3.215813    
   3.179314    
   3.118613    
   3.037088    
   3.001018    
   2.927706    
   2.850044    
   2.779730    
   2.697015    
   2.618509    
   2.530883    
   2.438130    
   2.340667    
   2.238937    
   2.136568    
   2.268699    
   2.310071    
   2.375571    
   2.490442    
   2.581304    
   2.661702    
   2.723462    
   2.762288    
   2.780560    
   2.827383    
   2.948443    
   3.009053    
   3.068164    
   3.112121    
   3.136139    
   3.137304    
   3.119345    
   3.093230    
   3.262586    
   3.328487    
   3.403495    
   3.470366    
   3.518493    
   3.555878    
   3.754102    
   3.850803    
   3.943357    
   4.016908    
   4.062935    
   4.080499    
   4.064559    
   4.017968    
   3.943489    
   3.843961    
   3.723446    
   3.586013    
   3.434920    
   3.273929    
   3.161075    
   3.022802    
   2.889151    
   2.757558    
   2.626674    
   2.563355    
   2.494906    
   2.425997    
   2.600640    
   2.692032    
   2.801844    
   2.913489    
   3.011811    
   3.160792    
   3.500691    
   3.743063    
   3.977318    
   4.244801    
   4.748640    
   5.178610    
   5.565495    
   5.915439    
   6.207834    
   6.430048    
   6.577361    
   6.660310    
   6.669598    
   6.616736    
   6.508701    
   6.353251    
   6.158337    
   5.931718    
   5.695867    
   5.516913    
   5.455369    
   5.333453    
   5.363684    
   5.358871    
   5.353764    
   5.341355    
   5.348762    
   5.314740    
   5.257547    
   5.173473    
   5.198333    
   5.146250    
   5.085652    
   5.009253    
   4.912824    
   4.802660    
   4.668914    
   4.517372    
   4.350110    
   4.169785    
   3.979359    
   3.782382    
   3.580762    
   3.377430    
   3.174648    
   3.073710    
   2.937826    
   2.818251    
   2.707873    
   2.623048    
   2.534821    
   2.561988    
   2.543355    
   2.535120    
   2.544675    
   2.542167    
   2.530275    
   2.525250    
   2.499707    
   2.462871    
   2.413958    
   2.353279    
   2.281855    
   2.496512    
   2.622557    
   2.760547    
   2.904570    
   3.036157    
   3.550824    
   3.875222    
   4.211191    
   4.561606    
   5.180190    
   5.839046    
   6.384896    
   6.910946    
   7.364975    
   7.731193    
   8.000169    
   8.170108    
   8.244865    
   8.231915    
   8.140919    
   8.026377    
   7.974370    
   7.827334    
   8.010087    
   8.066689    
   8.132641    
   8.179692    
   8.193983    
   8.163408    
   8.082911    
   7.952298    
   7.774593    
   7.554817    
   7.299090    
   7.013991    
   6.706109    
   6.381738    
   6.046689    
   5.706177    
   5.364769    
   5.026371    
   4.694274    
   4.371115    
   4.059019    
   3.759601    
   3.474036    
   3.225940    
   2.984074    
   2.772727    
   2.572128    
   2.387155    
   2.216453    
   2.057003    
   1.908029    
   1.768514    
   1.637693    
   1.514977    
   1.410543    
   1.311546    
   1.219664    
   1.134871    
   1.063620    
   1.002826    
  0.9492533    
  0.9097742    
  0.8983996    
  0.8900155    
  0.8829070    
  0.8796492    
  0.8760893    
  0.8698877    
  0.8620180    
  0.8493623    
  0.8327717    
  0.8704277    
  0.8936660    
   1.005792    
   1.082199    
   1.164525    
   1.242735    
   1.310507    
   1.364240    
   1.461655    
   1.589411    
   1.691126    
   1.876583    
   2.061380    
   2.386033    
   2.762687    
   3.231080    
   3.635848    
   4.050693    
   4.410745    
   4.715469    
   4.955038    
   5.126947    
   5.235324    
   5.283751    
   5.273695    
   5.214534    
   5.112342    
   4.974225    
   4.806867    
   4.616577    
   4.409147    
   4.189770    
   3.964338    
   3.734935    
   3.506653    
   3.280626    
   3.059579    
   2.845160    
   2.659065    
   2.479883    
   2.311132    
   2.153556    
   2.010490    
   1.874349    
   1.746917    
   1.632468    
   1.547921    
   1.460752    
   1.382115    
   1.309498    
   1.240986    
   1.236262    
   1.604063    
   2.128555    
   2.578673    
   3.069545    
   3.550203    
   3.987723    
   4.363065    
   4.671046    
   4.901036    
   5.057360    
   5.144160    
   5.167639    
   5.135135    
   5.054458    
   4.933425    
   4.779539    
   4.599785    
   4.400512    
   4.187370    
   3.965303    
   3.738554    
   3.510710    
   3.284748    
   3.063087    
   2.847652    
   2.639934    
   2.441038    
   2.251749    
   2.072572    
   1.903783    
   1.745463    
   1.597543    
   1.459826    
   1.332020    
   1.213760    
   1.104627    
   1.004164    
  0.9118932    
  0.8273227    
  0.7499639    
  0.6793225    
  0.6149231    
  0.5563033    
  0.5030187    
  0.4546463    
  0.4107855    
  0.3710587    
  0.3351124    
  0.3026164    
  0.2732639    
  0.2467705    
  0.2228738    
  0.2013319    
  0.1819228    
  0.1644431    
  0.1487067    
  0.1345440    
  0.1218005    
  0.1103356    
  0.1060703    
  0.1004563    
  9.6426085E-02
  9.3364820E-02
  9.0839356E-02
  8.8553429E-02
  8.6312711E-02
  8.3997719E-02
  8.1542999E-02
  7.9340175E-02
  7.7506706E-02
  7.5288542E-02
  7.3280767E-02
  7.1105689E-02
  6.8830028E-02
  6.6444606E-02
  6.3945204E-02
  6.1342046E-02
  5.8654182E-02
  5.5905458E-02
  5.3121589E-02
  5.0328221E-02
  4.7549553E-02
  4.4807527E-02
  8.9048043E-02
  0.1230496    
  0.1591701    
  0.3665374    
  0.5057905    
  0.6777493    
  0.8414928    
  0.9956967    
   1.132518    
   1.247582    
   1.375100    
   1.464606    
   1.535253    
   1.585712    
   1.918475    
   2.113100    
   2.354613    
   2.648167    
   2.892555    
   3.126559    
   3.549284    
   3.840245    
   4.296835    
   4.641623    
   4.976883    
   5.253713    
   5.471349    
   5.624001    
   5.711151    
   5.735840    
   5.703371    
   5.638911    
   5.523752    
   5.417636    
   5.265900    
   5.095728    
   4.908757    
   4.707480    
   4.503326    
   4.371030    
   4.276178    
   4.175836    
   4.078555    
   3.983671    
   3.884163    
   3.776148    
   3.658937    
   3.531025    
   3.393752    
   3.248486    
   3.096950    
   2.941768    
   2.813264    
   2.672446    
   2.535680    
   2.401811    
   2.271167    
   2.295409    
   2.261985    
   2.247941    
   2.240491    
   2.231239    
   2.220015    
   2.290909    
   2.332690    
   2.366515    
   2.393943    
   2.409010    
   2.408598    
   2.396428    
   2.366031    
   2.327445    
   2.363551    
   2.353026    
   2.342717    
   2.326441    
   2.300677    
   2.263804    
   2.215523    
   2.156413    
   2.087604    
   2.010544    
   1.926821    
   1.838159    
   1.746510    
   1.652576    
   1.557927    
   1.465096    
   1.373148    
   1.285505    
   1.199756    
   1.117392    
   1.041213    
   1.041534    
   1.016731    
   1.003740    
   1.015801    
   1.021040    
   1.026582    
   1.029101    
   1.034672    
   1.032616    
   1.025391    
   1.027752    
   1.020058    
   1.010181    
  0.9958631    
  0.9769199    
  0.9535865    
  0.9260700    
  0.8948103    
  0.8603808    
  0.8234159    
  0.7845612    
  0.7446739    
  0.7040027    
  0.6631840    
  0.6226506    
  0.5827756    
  0.5445215    
  0.6299878    
  0.6685606    
  0.7219689    
  0.7797224    
  0.8348066    
  0.8827910    
  0.9411444    
  0.9949628    
   1.437186    
   1.711948    
   2.020797    
   2.327494    
   2.609941    
   2.853641    
   3.051448    
   3.200670    
   3.301866    
   3.357752    
   3.372383    
   3.350553    
   3.298440    
   3.219934    
   3.120274    
   3.006421    
   2.887378    
   2.756173    
   2.620041    
   2.724511    
   2.926097    
   3.077539    
   3.256919    
   3.434672    
   3.591752    
   3.718643    
   3.807536    
   3.860494    
   3.873682    
   3.851905    
   3.797748    
   3.715547    
   3.611331    
   3.487119    
   3.347803    
   3.201660    
   3.171172    
   3.131790    
   3.086040    
   3.047728    
   3.007518    
   2.959751    
   2.901433    
   2.847204    
   2.809855    
   2.892659    
   2.993409    
   3.072651    
   3.168679    
   3.248261    
   3.309242    
   3.345686    
   3.357563    
   3.341714    
   3.300343    
   3.235903    
   3.151250    
   3.049547    
   2.934019    
   2.807794    
   2.673960    
   2.576756    
   2.460329    
   2.347702    
   2.237006    
   2.127277    
   2.018165    
   1.909733    
   1.806568    
   1.703158    
   1.602158    
   1.503711    
   1.408048    
   1.315434    
   1.226134    
   1.140405    
   1.058422    
  0.9803574    
  0.9085311    
  0.8399636    
  0.7774436    
  0.7183295    
  0.6715372    
  0.6356988    
  0.6007078    
  0.5700471    
  0.6566827    
  0.7002195    
  0.7648963    
  0.8306924    
  0.8933450    
  0.9483793    
  0.9938942    
   1.027235    
   1.048568    
   1.058085    
   1.056754    
   1.045587    
   1.028527    
   1.005030    
  0.9967386    
  0.9862708    
  0.9703498    
   1.070549    
   1.246249    
   1.382517    
   1.549272    
   1.704359    
   1.845691    
   1.965270    
   2.058920    
   2.175033    
   2.245376    
   2.304258    
   2.349659    
   2.369421    
   2.369818    
   2.351212    
   2.315349    
   2.285565    
   2.234068    
   2.174450    
   2.108936    
   2.035916    
   1.968284    
   1.891201    
   1.811655    
   1.729779    
   1.646026    
   1.561481    
   1.476433    
   1.391529    
   1.307532    
   1.225054    
   1.144578    
   1.066841    
  0.9918308    
  0.9199752    
  0.8514683    
  0.7864440    
  0.7249803    
  0.6671057    
  0.6128057    
  0.5620289    
  0.5146939    
  0.4708045    
  0.4404527    
  0.4090941    
  0.3842573    
  0.3671526    
  0.3502844    
  0.3357739    
  0.3226112    
  0.3101223    
  0.2981688    
  0.2861011    
  0.2739421    
  0.2616317    
  0.2491752    
  0.2366191    
  0.2240336    
  0.2114999    
  0.1991018    
  0.1869196    
  0.1750269    
  0.1670952    
  0.1581467    
  0.1506480    
  0.1434675    
  0.1367274    
  0.1302579    
  0.1239553    
  0.1177626    
  0.1131612    
  0.1578997    
  0.1832415    
  0.2141057    
  0.2461386    
  0.2772452    
  0.3044858    
  0.3272377    
  0.3449737    
  0.3575877    
  0.3652593    
  0.3683524    
  0.3673403    
  0.3632474    
  0.3568417    
